Analysis & Synthesis report for celula
Mon Aug 22 10:23:53 2022
Quartus II Version 9.1 Build 350 03/24/2010 Service Pack 2 SJ Web Edition


---------------------
; Table of Contents ;
---------------------
  1. Legal Notice
  2. Analysis & Synthesis Summary
  3. Analysis & Synthesis Settings
  4. Parallel Compilation
  5. Analysis & Synthesis Source Files Read
  6. Analysis & Synthesis Resource Usage Summary
  7. Analysis & Synthesis Resource Utilization by Entity
  8. General Register Statistics
  9. Analysis & Synthesis Messages



----------------
; Legal Notice ;
----------------
Copyright (C) 1991-2010 Altera Corporation
Your use of Altera Corporation's design tools, logic functions 
and other software and tools, and its AMPP partner logic 
functions, and any output files from any of the foregoing 
(including device programming or simulation files), and any 
associated documentation or information are expressly subject 
to the terms and conditions of the Altera Program License 
Subscription Agreement, Altera MegaCore Function License 
Agreement, or other applicable license agreement, including, 
without limitation, that your use is for the sole purpose of 
programming logic devices manufactured by Altera and sold by 
Altera or its authorized distributors.  Please refer to the 
applicable agreement for further details.



+-----------------------------------------------------------------------------------+
; Analysis & Synthesis Summary                                                      ;
+------------------------------------+----------------------------------------------+
; Analysis & Synthesis Status        ; Successful - Mon Aug 22 10:23:53 2022        ;
; Quartus II Version                 ; 9.1 Build 350 03/24/2010 SP 2 SJ Web Edition ;
; Revision Name                      ; celula                                       ;
; Top-level Entity Name              ; CircuitoCompleto                             ;
; Family                             ; Cyclone IV E                                 ;
; Total logic elements               ; 134                                          ;
;     Total combinational functions  ; 134                                          ;
;     Dedicated logic registers      ; 0                                            ;
; Total registers                    ; 0                                            ;
; Total pins                         ; 68                                           ;
; Total virtual pins                 ; 0                                            ;
; Total memory bits                  ; 0                                            ;
; Embedded Multiplier 9-bit elements ; 0                                            ;
; Total PLLs                         ; 0                                            ;
+------------------------------------+----------------------------------------------+


+----------------------------------------------------------------------------------------------------------------------+
; Analysis & Synthesis Settings                                                                                        ;
+----------------------------------------------------------------------------+--------------------+--------------------+
; Option                                                                     ; Setting            ; Default Value      ;
+----------------------------------------------------------------------------+--------------------+--------------------+
; Device                                                                     ; EP4CE115F29C7      ;                    ;
; Top-level entity name                                                      ; CircuitoCompleto   ; celula             ;
; Family name                                                                ; Cyclone IV E       ; Cyclone IV GX      ;
; Use Generated Physical Constraints File                                    ; Off                ;                    ;
; Synchronization Register Chain Length                                      ; 2                  ; 3                  ;
; Use smart compilation                                                      ; Off                ; Off                ;
; Enable parallel Assembler and TimeQuest Timing Analyzer during compilation ; On                 ; On                 ;
; Enable compact report table                                                ; Off                ; Off                ;
; Restructure Multiplexers                                                   ; Auto               ; Auto               ;
; Create Debugging Nodes for IP Cores                                        ; Off                ; Off                ;
; Preserve fewer node names                                                  ; On                 ; On                 ;
; Disable OpenCore Plus hardware evaluation                                  ; Off                ; Off                ;
; Verilog Version                                                            ; Verilog_2001       ; Verilog_2001       ;
; VHDL Version                                                               ; VHDL_1993          ; VHDL_1993          ;
; State Machine Processing                                                   ; Auto               ; Auto               ;
; Safe State Machine                                                         ; Off                ; Off                ;
; Extract Verilog State Machines                                             ; On                 ; On                 ;
; Extract VHDL State Machines                                                ; On                 ; On                 ;
; Ignore Verilog initial constructs                                          ; Off                ; Off                ;
; Iteration limit for constant Verilog loops                                 ; 5000               ; 5000               ;
; Iteration limit for non-constant Verilog loops                             ; 250                ; 250                ;
; Add Pass-Through Logic to Inferred RAMs                                    ; On                 ; On                 ;
; Parallel Synthesis                                                         ; On                 ; On                 ;
; DSP Block Balancing                                                        ; Auto               ; Auto               ;
; NOT Gate Push-Back                                                         ; On                 ; On                 ;
; Power-Up Don't Care                                                        ; On                 ; On                 ;
; Remove Redundant Logic Cells                                               ; Off                ; Off                ;
; Remove Duplicate Registers                                                 ; On                 ; On                 ;
; Ignore CARRY Buffers                                                       ; Off                ; Off                ;
; Ignore CASCADE Buffers                                                     ; Off                ; Off                ;
; Ignore GLOBAL Buffers                                                      ; Off                ; Off                ;
; Ignore ROW GLOBAL Buffers                                                  ; Off                ; Off                ;
; Ignore LCELL Buffers                                                       ; Off                ; Off                ;
; Ignore SOFT Buffers                                                        ; On                 ; On                 ;
; Limit AHDL Integers to 32 Bits                                             ; Off                ; Off                ;
; Optimization Technique                                                     ; Balanced           ; Balanced           ;
; Carry Chain Length                                                         ; 70                 ; 70                 ;
; Auto Carry Chains                                                          ; On                 ; On                 ;
; Auto Open-Drain Pins                                                       ; On                 ; On                 ;
; Perform WYSIWYG Primitive Resynthesis                                      ; Off                ; Off                ;
; Auto ROM Replacement                                                       ; On                 ; On                 ;
; Auto RAM Replacement                                                       ; On                 ; On                 ;
; Auto DSP Block Replacement                                                 ; On                 ; On                 ;
; Auto Shift Register Replacement                                            ; Auto               ; Auto               ;
; Auto Clock Enable Replacement                                              ; On                 ; On                 ;
; Strict RAM Replacement                                                     ; Off                ; Off                ;
; Allow Synchronous Control Signals                                          ; On                 ; On                 ;
; Force Use of Synchronous Clear Signals                                     ; Off                ; Off                ;
; Auto RAM Block Balancing                                                   ; On                 ; On                 ;
; Auto RAM to Logic Cell Conversion                                          ; Off                ; Off                ;
; Auto Resource Sharing                                                      ; Off                ; Off                ;
; Allow Any RAM Size For Recognition                                         ; Off                ; Off                ;
; Allow Any ROM Size For Recognition                                         ; Off                ; Off                ;
; Allow Any Shift Register Size For Recognition                              ; Off                ; Off                ;
; Use LogicLock Constraints during Resource Balancing                        ; On                 ; On                 ;
; Ignore translate_off and synthesis_off directives                          ; Off                ; Off                ;
; Timing-Driven Synthesis                                                    ; On                 ; On                 ;
; Show Parameter Settings Tables in Synthesis Report                         ; On                 ; On                 ;
; Ignore Maximum Fan-Out Assignments                                         ; Off                ; Off                ;
; PowerPlay Power Optimization                                               ; Normal compilation ; Normal compilation ;
; HDL message level                                                          ; Level2             ; Level2             ;
; Suppress Register Optimization Related Messages                            ; Off                ; Off                ;
; Number of Removed Registers Reported in Synthesis Report                   ; 5000               ; 5000               ;
; Number of Inverted Registers Reported in Synthesis Report                  ; 100                ; 100                ;
; Clock MUX Protection                                                       ; On                 ; On                 ;
; Auto Gated Clock Conversion                                                ; Off                ; Off                ;
; Block Design Naming                                                        ; Auto               ; Auto               ;
; SDC constraint protection                                                  ; Off                ; Off                ;
; Synthesis Effort                                                           ; Auto               ; Auto               ;
; Shift Register Replacement - Allow Asynchronous Clear Signal               ; On                 ; On                 ;
; Analysis & Synthesis Message Level                                         ; Medium             ; Medium             ;
; Disable Register Merging Across Hierarchies                                ; Auto               ; Auto               ;
; Resource Aware Inference For Block RAM                                     ; On                 ; On                 ;
+----------------------------------------------------------------------------+--------------------+--------------------+


Parallel compilation was disabled, but you have multiple processors available. Enable parallel compilation to reduce compilation time.
+-------------------------------------+
; Parallel Compilation                ;
+----------------------------+--------+
; Processors                 ; Number ;
+----------------------------+--------+
; Number detected on machine ; 4      ;
; Maximum allowed            ; 1      ;
+----------------------------+--------+


+--------------------------------------------------------------------------------------------------------------------------------------------------------+
; Analysis & Synthesis Source Files Read                                                                                                                 ;
+----------------------------------+-----------------+------------------------------------+--------------------------------------------------------------+
; File Name with User-Entered Path ; Used in Netlist ; File Type                          ; File Name with Absolute Path                                 ;
+----------------------------------+-----------------+------------------------------------+--------------------------------------------------------------+
; CompararIgualdade.bdf            ; yes             ; User Block Diagram/Schematic File  ; C:/Users/bell2/Desktop/ProjetoSD4/CompararIgualdade.bdf      ;
; celula.bdf                       ; yes             ; User Block Diagram/Schematic File  ; C:/Users/bell2/Desktop/ProjetoSD4/celula.bdf                 ;
; COMPSINAL.bdf                    ; yes             ; User Block Diagram/Schematic File  ; C:/Users/bell2/Desktop/ProjetoSD4/COMPSINAL.bdf              ;
; ComparadorMaior.bdf              ; yes             ; User Block Diagram/Schematic File  ; C:/Users/bell2/Desktop/ProjetoSD4/ComparadorMaior.bdf        ;
; ComparadorMenor.bdf              ; yes             ; User Block Diagram/Schematic File  ; C:/Users/bell2/Desktop/ProjetoSD4/ComparadorMenor.bdf        ;
; CircuitoAND.bdf                  ; yes             ; User Block Diagram/Schematic File  ; C:/Users/bell2/Desktop/ProjetoSD4/CircuitoAND.bdf            ;
; CircuitoXOR.bdf                  ; yes             ; User Block Diagram/Schematic File  ; C:/Users/bell2/Desktop/ProjetoSD4/CircuitoXOR.bdf            ;
; Complemento2.bdf                 ; yes             ; User Block Diagram/Schematic File  ; C:/Users/bell2/Desktop/ProjetoSD4/Complemento2.bdf           ;
; somadorMagnitude.bdf             ; yes             ; User Block Diagram/Schematic File  ; C:/Users/bell2/Desktop/ProjetoSD4/somadorMagnitude.bdf       ;
; CompararMagnitudeIgual.bdf       ; yes             ; User Block Diagram/Schematic File  ; C:/Users/bell2/Desktop/ProjetoSD4/CompararMagnitudeIgual.bdf ;
; SomadorCompleto.bdf              ; yes             ; User Block Diagram/Schematic File  ; C:/Users/bell2/Desktop/ProjetoSD4/SomadorCompleto.bdf        ;
; seletorSinal.bdf                 ; yes             ; User Block Diagram/Schematic File  ; C:/Users/bell2/Desktop/ProjetoSD4/seletorSinal.bdf           ;
; Substrator.bdf                   ; yes             ; User Block Diagram/Schematic File  ; C:/Users/bell2/Desktop/ProjetoSD4/Substrator.bdf             ;
; SomaFinal.bdf                    ; yes             ; User Block Diagram/Schematic File  ; C:/Users/bell2/Desktop/ProjetoSD4/SomaFinal.bdf              ;
; VerificaSinal.bdf                ; yes             ; User Block Diagram/Schematic File  ; C:/Users/bell2/Desktop/ProjetoSD4/VerificaSinal.bdf          ;
; VerificaSinal2.bdf               ; yes             ; User Block Diagram/Schematic File  ; C:/Users/bell2/Desktop/ProjetoSD4/VerificaSinal2.bdf         ;
; Comparador1Bit.bdf               ; yes             ; User Block Diagram/Schematic File  ; C:/Users/bell2/Desktop/ProjetoSD4/Comparador1Bit.bdf         ;
; MUX5Bits.bdf                     ; yes             ; User Block Diagram/Schematic File  ; C:/Users/bell2/Desktop/ProjetoSD4/MUX5Bits.bdf               ;
; mux1Bit.bdf                      ; yes             ; User Block Diagram/Schematic File  ; C:/Users/bell2/Desktop/ProjetoSD4/mux1Bit.bdf                ;
; ULA.bdf                          ; yes             ; User Block Diagram/Schematic File  ; C:/Users/bell2/Desktop/ProjetoSD4/ULA.bdf                    ;
; InverterSinalB.bdf               ; yes             ; User Block Diagram/Schematic File  ; C:/Users/bell2/Desktop/ProjetoSD4/InverterSinalB.bdf         ;
; CompararMagnitudeMaior.bdf       ; yes             ; User Block Diagram/Schematic File  ; C:/Users/bell2/Desktop/ProjetoSD4/CompararMagnitudeMaior.bdf ;
; DisplayVerifica.bdf              ; yes             ; User Block Diagram/Schematic File  ; C:/Users/bell2/Desktop/ProjetoSD4/DisplayVerifica.bdf        ;
; DECODIFICADOR.bdf                ; yes             ; User Block Diagram/Schematic File  ; C:/Users/bell2/Desktop/ProjetoSD4/DECODIFICADOR.bdf          ;
; CircuitoCompleto.bdf             ; yes             ; User Block Diagram/Schematic File  ; C:/Users/bell2/Desktop/ProjetoSD4/CircuitoCompleto.bdf       ;
; DecodificadorEntrada.bdf         ; yes             ; User Block Diagram/Schematic File  ; C:/Users/bell2/Desktop/ProjetoSD4/DecodificadorEntrada.bdf   ;
+----------------------------------+-----------------+------------------------------------+--------------------------------------------------------------+


+----------------------------------------------------------+
; Analysis & Synthesis Resource Usage Summary              ;
+---------------------------------------------+------------+
; Resource                                    ; Usage      ;
+---------------------------------------------+------------+
; Estimated Total logic elements              ; 134        ;
;                                             ;            ;
; Total combinational functions               ; 134        ;
; Logic element usage by number of LUT inputs ;            ;
;     -- 4 input functions                    ; 102        ;
;     -- 3 input functions                    ; 21         ;
;     -- <=2 input functions                  ; 11         ;
;                                             ;            ;
; Logic elements by mode                      ;            ;
;     -- normal mode                          ; 134        ;
;     -- arithmetic mode                      ; 0          ;
;                                             ;            ;
; Total registers                             ; 0          ;
;     -- Dedicated logic registers            ; 0          ;
;     -- I/O registers                        ; 0          ;
;                                             ;            ;
; I/O pins                                    ; 68         ;
; Maximum fan-out node                        ; B[0]~input ;
; Maximum fan-out                             ; 25         ;
; Total fan-out                               ; 605        ;
; Average fan-out                             ; 2.24       ;
+---------------------------------------------+------------+


+------------------------------------------------------------------------------------------------------------------------------------------------------------------------------------------------------------------------------------------------------------------------------+
; Analysis & Synthesis Resource Utilization by Entity                                                                                                                                                                                                                          ;
+-----------------------------------------+-------------------+--------------+-------------+--------------+---------+-----------+------+--------------+---------------------------------------------------------------------------------------------------------+--------------+
; Compilation Hierarchy Node              ; LC Combinationals ; LC Registers ; Memory Bits ; DSP Elements ; DSP 9x9 ; DSP 18x18 ; Pins ; Virtual Pins ; Full Hierarchy Name                                                                                     ; Library Name ;
+-----------------------------------------+-------------------+--------------+-------------+--------------+---------+-----------+------+--------------+---------------------------------------------------------------------------------------------------------+--------------+
; |CircuitoCompleto                       ; 134 (0)           ; 0 (0)        ; 0           ; 0            ; 0       ; 0         ; 68   ; 0            ; |CircuitoCompleto                                                                                       ; work         ;
;    |DECODIFICADOR:inst4|                ; 32 (32)           ; 0 (0)        ; 0           ; 0            ; 0       ; 0         ; 0    ; 0            ; |CircuitoCompleto|DECODIFICADOR:inst4                                                                   ; work         ;
;    |DecodificadorEntrada:inst10|        ; 8 (8)             ; 0 (0)        ; 0           ; 0            ; 0       ; 0         ; 0    ; 0            ; |CircuitoCompleto|DecodificadorEntrada:inst10                                                           ; work         ;
;    |DecodificadorEntrada:inst11|        ; 8 (8)             ; 0 (0)        ; 0           ; 0            ; 0       ; 0         ; 0    ; 0            ; |CircuitoCompleto|DecodificadorEntrada:inst11                                                           ; work         ;
;    |DisplayVerifica:inst1|              ; 3 (3)             ; 0 (0)        ; 0           ; 0            ; 0       ; 0         ; 0    ; 0            ; |CircuitoCompleto|DisplayVerifica:inst1                                                                 ; work         ;
;    |ULA:inst|                           ; 83 (1)            ; 0 (0)        ; 0           ; 0            ; 0       ; 0         ; 0    ; 0            ; |CircuitoCompleto|ULA:inst                                                                              ;              ;
;       |CompararIgualdade:inst23|        ; 4 (4)             ; 0 (0)        ; 0           ; 0            ; 0       ; 0         ; 0    ; 0            ; |CircuitoCompleto|ULA:inst|CompararIgualdade:inst23                                                     ; work         ;
;       |MUX5Bits:inst6|                  ; 36 (36)           ; 0 (0)        ; 0           ; 0            ; 0       ; 0         ; 0    ; 0            ; |CircuitoCompleto|ULA:inst|MUX5Bits:inst6                                                               ; work         ;
;       |SomadorCompleto:inst|            ; 25 (1)            ; 0 (0)        ; 0           ; 0            ; 0       ; 0         ; 0    ; 0            ; |CircuitoCompleto|ULA:inst|SomadorCompleto:inst                                                         ; work         ;
;          |CompararMagnitudeIgual:inst4| ; 3 (3)             ; 0 (0)        ; 0           ; 0            ; 0       ; 0         ; 0    ; 0            ; |CircuitoCompleto|ULA:inst|SomadorCompleto:inst|CompararMagnitudeIgual:inst4                            ; work         ;
;          |CompararMagnitudeMaior:inst|  ; 3 (0)             ; 0 (0)        ; 0           ; 0            ; 0       ; 0         ; 0    ; 0            ; |CircuitoCompleto|ULA:inst|SomadorCompleto:inst|CompararMagnitudeMaior:inst                             ; work         ;
;             |Comparador1Bit:inst8|      ; 3 (3)             ; 0 (0)        ; 0           ; 0            ; 0       ; 0         ; 0    ; 0            ; |CircuitoCompleto|ULA:inst|SomadorCompleto:inst|CompararMagnitudeMaior:inst|Comparador1Bit:inst8        ; work         ;
;          |Complemento2:inst10|          ; 2 (0)             ; 0 (0)        ; 0           ; 0            ; 0       ; 0         ; 0    ; 0            ; |CircuitoCompleto|ULA:inst|SomadorCompleto:inst|Complemento2:inst10                                     ; work         ;
;             |celula:inst13|             ; 1 (1)             ; 0 (0)        ; 0           ; 0            ; 0       ; 0         ; 0    ; 0            ; |CircuitoCompleto|ULA:inst|SomadorCompleto:inst|Complemento2:inst10|celula:inst13                       ; work         ;
;             |celula:inst20|             ; 1 (1)             ; 0 (0)        ; 0           ; 0            ; 0       ; 0         ; 0    ; 0            ; |CircuitoCompleto|ULA:inst|SomadorCompleto:inst|Complemento2:inst10|celula:inst20                       ; work         ;
;          |Complemento2:inst9|           ; 2 (0)             ; 0 (0)        ; 0           ; 0            ; 0       ; 0         ; 0    ; 0            ; |CircuitoCompleto|ULA:inst|SomadorCompleto:inst|Complemento2:inst9                                      ; work         ;
;             |celula:inst14|             ; 1 (1)             ; 0 (0)        ; 0           ; 0            ; 0       ; 0         ; 0    ; 0            ; |CircuitoCompleto|ULA:inst|SomadorCompleto:inst|Complemento2:inst9|celula:inst14                        ; work         ;
;             |celula:inst15|             ; 1 (1)             ; 0 (0)        ; 0           ; 0            ; 0       ; 0         ; 0    ; 0            ; |CircuitoCompleto|ULA:inst|SomadorCompleto:inst|Complemento2:inst9|celula:inst15                        ; work         ;
;          |VerificaSinal:inst1|          ; 3 (0)             ; 0 (0)        ; 0           ; 0            ; 0       ; 0         ; 0    ; 0            ; |CircuitoCompleto|ULA:inst|SomadorCompleto:inst|VerificaSinal:inst1                                     ; work         ;
;             |seletorSinal:inst1|        ; 1 (1)             ; 0 (0)        ; 0           ; 0            ; 0       ; 0         ; 0    ; 0            ; |CircuitoCompleto|ULA:inst|SomadorCompleto:inst|VerificaSinal:inst1|seletorSinal:inst1                  ; work         ;
;             |seletorSinal:inst2|        ; 1 (1)             ; 0 (0)        ; 0           ; 0            ; 0       ; 0         ; 0    ; 0            ; |CircuitoCompleto|ULA:inst|SomadorCompleto:inst|VerificaSinal:inst1|seletorSinal:inst2                  ; work         ;
;             |seletorSinal:inst3|        ; 1 (1)             ; 0 (0)        ; 0           ; 0            ; 0       ; 0         ; 0    ; 0            ; |CircuitoCompleto|ULA:inst|SomadorCompleto:inst|VerificaSinal:inst1|seletorSinal:inst3                  ; work         ;
;          |VerificaSinal:inst2|          ; 5 (0)             ; 0 (0)        ; 0           ; 0            ; 0       ; 0         ; 0    ; 0            ; |CircuitoCompleto|ULA:inst|SomadorCompleto:inst|VerificaSinal:inst2                                     ; work         ;
;             |seletorSinal:inst1|        ; 1 (1)             ; 0 (0)        ; 0           ; 0            ; 0       ; 0         ; 0    ; 0            ; |CircuitoCompleto|ULA:inst|SomadorCompleto:inst|VerificaSinal:inst2|seletorSinal:inst1                  ; work         ;
;             |seletorSinal:inst2|        ; 2 (2)             ; 0 (0)        ; 0           ; 0            ; 0       ; 0         ; 0    ; 0            ; |CircuitoCompleto|ULA:inst|SomadorCompleto:inst|VerificaSinal:inst2|seletorSinal:inst2                  ; work         ;
;             |seletorSinal:inst3|        ; 2 (2)             ; 0 (0)        ; 0           ; 0            ; 0       ; 0         ; 0    ; 0            ; |CircuitoCompleto|ULA:inst|SomadorCompleto:inst|VerificaSinal:inst2|seletorSinal:inst3                  ; work         ;
;          |somadorMagnitude:inst5|       ; 6 (0)             ; 0 (0)        ; 0           ; 0            ; 0       ; 0         ; 0    ; 0            ; |CircuitoCompleto|ULA:inst|SomadorCompleto:inst|somadorMagnitude:inst5                                  ; work         ;
;             |celula:inst10|             ; 2 (2)             ; 0 (0)        ; 0           ; 0            ; 0       ; 0         ; 0    ; 0            ; |CircuitoCompleto|ULA:inst|SomadorCompleto:inst|somadorMagnitude:inst5|celula:inst10                    ; work         ;
;             |celula:inst11|             ; 2 (2)             ; 0 (0)        ; 0           ; 0            ; 0       ; 0         ; 0    ; 0            ; |CircuitoCompleto|ULA:inst|SomadorCompleto:inst|somadorMagnitude:inst5|celula:inst11                    ; work         ;
;             |celula:inst8|              ; 2 (2)             ; 0 (0)        ; 0           ; 0            ; 0       ; 0         ; 0    ; 0            ; |CircuitoCompleto|ULA:inst|SomadorCompleto:inst|somadorMagnitude:inst5|celula:inst8                     ; work         ;
;       |Substrator:inst9|                ; 13 (0)            ; 0 (0)        ; 0           ; 0            ; 0       ; 0         ; 0    ; 0            ; |CircuitoCompleto|ULA:inst|Substrator:inst9                                                             ; work         ;
;          |SomadorCompleto:inst|         ; 13 (1)            ; 0 (0)        ; 0           ; 0            ; 0       ; 0         ; 0    ; 0            ; |CircuitoCompleto|ULA:inst|Substrator:inst9|SomadorCompleto:inst                                        ; work         ;
;             |Complemento2:inst10|       ; 1 (0)             ; 0 (0)        ; 0           ; 0            ; 0       ; 0         ; 0    ; 0            ; |CircuitoCompleto|ULA:inst|Substrator:inst9|SomadorCompleto:inst|Complemento2:inst10                    ; work         ;
;                |celula:inst14|          ; 1 (1)             ; 0 (0)        ; 0           ; 0            ; 0       ; 0         ; 0    ; 0            ; |CircuitoCompleto|ULA:inst|Substrator:inst9|SomadorCompleto:inst|Complemento2:inst10|celula:inst14      ; work         ;
;             |VerificaSinal:inst2|       ; 5 (0)             ; 0 (0)        ; 0           ; 0            ; 0       ; 0         ; 0    ; 0            ; |CircuitoCompleto|ULA:inst|Substrator:inst9|SomadorCompleto:inst|VerificaSinal:inst2                    ; work         ;
;                |seletorSinal:inst1|     ; 1 (1)             ; 0 (0)        ; 0           ; 0            ; 0       ; 0         ; 0    ; 0            ; |CircuitoCompleto|ULA:inst|Substrator:inst9|SomadorCompleto:inst|VerificaSinal:inst2|seletorSinal:inst1 ; work         ;
;                |seletorSinal:inst2|     ; 2 (2)             ; 0 (0)        ; 0           ; 0            ; 0       ; 0         ; 0    ; 0            ; |CircuitoCompleto|ULA:inst|Substrator:inst9|SomadorCompleto:inst|VerificaSinal:inst2|seletorSinal:inst2 ; work         ;
;                |seletorSinal:inst3|     ; 2 (2)             ; 0 (0)        ; 0           ; 0            ; 0       ; 0         ; 0    ; 0            ; |CircuitoCompleto|ULA:inst|Substrator:inst9|SomadorCompleto:inst|VerificaSinal:inst2|seletorSinal:inst3 ; work         ;
;             |somadorMagnitude:inst5|    ; 6 (0)             ; 0 (0)        ; 0           ; 0            ; 0       ; 0         ; 0    ; 0            ; |CircuitoCompleto|ULA:inst|Substrator:inst9|SomadorCompleto:inst|somadorMagnitude:inst5                 ; work         ;
;                |celula:inst10|          ; 2 (2)             ; 0 (0)        ; 0           ; 0            ; 0       ; 0         ; 0    ; 0            ; |CircuitoCompleto|ULA:inst|Substrator:inst9|SomadorCompleto:inst|somadorMagnitude:inst5|celula:inst10   ; work         ;
;                |celula:inst11|          ; 2 (2)             ; 0 (0)        ; 0           ; 0            ; 0       ; 0         ; 0    ; 0            ; |CircuitoCompleto|ULA:inst|Substrator:inst9|SomadorCompleto:inst|somadorMagnitude:inst5|celula:inst11   ; work         ;
;                |celula:inst8|           ; 2 (2)             ; 0 (0)        ; 0           ; 0            ; 0       ; 0         ; 0    ; 0            ; |CircuitoCompleto|ULA:inst|Substrator:inst9|SomadorCompleto:inst|somadorMagnitude:inst5|celula:inst8    ; work         ;
;       |mux1Bit:inst17|                  ; 4 (4)             ; 0 (0)        ; 0           ; 0            ; 0       ; 0         ; 0    ; 0            ; |CircuitoCompleto|ULA:inst|mux1Bit:inst17                                                               ; work         ;
+-----------------------------------------+-------------------+--------------+-------------+--------------+---------+-----------+------+--------------+---------------------------------------------------------------------------------------------------------+--------------+
Note: For table entries with two numbers listed, the numbers in parentheses indicate the number of resources of the given type used by the specific entity alone. The numbers listed outside of parentheses indicate the total resources of the given type used by the specific entity and all of its sub-entities in the hierarchy.


+------------------------------------------------------+
; General Register Statistics                          ;
+----------------------------------------------+-------+
; Statistic                                    ; Value ;
+----------------------------------------------+-------+
; Total registers                              ; 0     ;
; Number of registers using Synchronous Clear  ; 0     ;
; Number of registers using Synchronous Load   ; 0     ;
; Number of registers using Asynchronous Clear ; 0     ;
; Number of registers using Asynchronous Load  ; 0     ;
; Number of registers using Clock Enable       ; 0     ;
; Number of registers using Preset             ; 0     ;
+----------------------------------------------+-------+


+-------------------------------+
; Analysis & Synthesis Messages ;
+-------------------------------+
Info: *******************************************************************
Info: Running Quartus II Analysis & Synthesis
    Info: Version 9.1 Build 350 03/24/2010 Service Pack 2 SJ Web Edition
    Info: Processing started: Mon Aug 22 10:23:50 2022
Info: Command: quartus_map --read_settings_files=on --write_settings_files=off celula -c celula
Info: Found 1 design units, including 1 entities, in source file compararigualdade.bdf
    Info: Found entity 1: CompararIgualdade
Info: Found 1 design units, including 1 entities, in source file celula.bdf
    Info: Found entity 1: celula
Info: Found 1 design units, including 1 entities, in source file compsinal.bdf
    Info: Found entity 1: COMPSINAL
Info: Found 1 design units, including 1 entities, in source file comparadormaior.bdf
    Info: Found entity 1: ComparadorMaior
Info: Found 1 design units, including 1 entities, in source file comparadormenor.bdf
    Info: Found entity 1: ComparadorMenor
Info: Found 1 design units, including 1 entities, in source file comparadorcompleto.bdf
    Info: Found entity 1: ComparadorCompleto
Info: Found 1 design units, including 1 entities, in source file circuitoand.bdf
    Info: Found entity 1: CircuitoAND
Info: Found 1 design units, including 1 entities, in source file circuitoxor.bdf
    Info: Found entity 1: CircuitoXOR
Info: Found 1 design units, including 1 entities, in source file complemento2.bdf
    Info: Found entity 1: Complemento2
Info: Found 1 design units, including 1 entities, in source file somadormagnitude.bdf
    Info: Found entity 1: somadorMagnitude
Info: Found 1 design units, including 1 entities, in source file compararmagnitude.bdf
    Info: Found entity 1: CompararMagnitude
Info: Found 1 design units, including 1 entities, in source file compararmagnitudeigual.bdf
    Info: Found entity 1: CompararMagnitudeIgual
Info: Found 1 design units, including 1 entities, in source file somadorcompleto.bdf
    Info: Found entity 1: SomadorCompleto
Info: Found 1 design units, including 1 entities, in source file seletorsinal.bdf
    Info: Found entity 1: seletorSinal
Info: Found 1 design units, including 1 entities, in source file substrator.bdf
    Info: Found entity 1: Substrator
Info: Found 1 design units, including 1 entities, in source file somafinal.bdf
    Info: Found entity 1: SomaFinal
Info: Found 1 design units, including 1 entities, in source file verificasinal.bdf
    Info: Found entity 1: VerificaSinal
Info: Found 1 design units, including 1 entities, in source file verificasinal2.bdf
    Info: Found entity 1: VerificaSinal2
Info: Found 1 design units, including 1 entities, in source file comparador1bit.bdf
    Info: Found entity 1: Comparador1Bit
Info: Found 1 design units, including 1 entities, in source file mux5bits.bdf
    Info: Found entity 1: MUX5Bits
Info: Found 1 design units, including 1 entities, in source file mux1bit.bdf
    Info: Found entity 1: mux1Bit
Info: Found 1 design units, including 1 entities, in source file ula.bdf
    Info: Found entity 1: ULA
Info: Found 1 design units, including 1 entities, in source file invertersinalb.bdf
    Info: Found entity 1: InverterSinalB
Info: Found 1 design units, including 1 entities, in source file compararmagnitudemaior.bdf
    Info: Found entity 1: CompararMagnitudeMaior
Info: Found 1 design units, including 1 entities, in source file block2.bdf
    Info: Found entity 1: Block2
Info: Found 1 design units, including 1 entities, in source file decod.bdf
    Info: Found entity 1: decod
Info: Found 1 design units, including 1 entities, in source file teste.bdf
    Info: Found entity 1: TESTE
Info: Found 1 design units, including 1 entities, in source file displayverifica.bdf
    Info: Found entity 1: DisplayVerifica
Info: Found 1 design units, including 1 entities, in source file decodificador.bdf
    Info: Found entity 1: DECODIFICADOR
Info: Found 1 design units, including 1 entities, in source file circuitocompleto.bdf
    Info: Found entity 1: CircuitoCompleto
Info: Found 1 design units, including 1 entities, in source file decodificadorentrada.bdf
    Info: Found entity 1: DecodificadorEntrada
Info: Elaborating entity "CircuitoCompleto" for the top level hierarchy
Info: Elaborating entity "ULA" for hierarchy "ULA:inst"
Info: Elaborating entity "mux1Bit" for hierarchy "ULA:inst|mux1Bit:inst17"
Info: Elaborating entity "ComparadorMaior" for hierarchy "ULA:inst|ComparadorMaior:inst22"
Info: Elaborating entity "COMPSINAL" for hierarchy "ULA:inst|ComparadorMaior:inst22|COMPSINAL:inst1"
Info: Elaborating entity "Comparador1Bit" for hierarchy "ULA:inst|ComparadorMaior:inst22|Comparador1Bit:inst8"
Warning: Primitive "NOT" of instance "inst" not used
Info: Elaborating entity "CompararIgualdade" for hierarchy "ULA:inst|ComparadorMaior:inst22|CompararIgualdade:inst2"
Info: Elaborating entity "ComparadorMenor" for hierarchy "ULA:inst|ComparadorMenor:inst19"
Info: Elaborating entity "MUX5Bits" for hierarchy "ULA:inst|MUX5Bits:inst6"
Info: Elaborating entity "CircuitoAND" for hierarchy "ULA:inst|CircuitoAND:inst5"
Info: Elaborating entity "Complemento2" for hierarchy "ULA:inst|Complemento2:inst2"
Info: Elaborating entity "celula" for hierarchy "ULA:inst|Complemento2:inst2|celula:inst12"
Info: Elaborating entity "SomadorCompleto" for hierarchy "ULA:inst|SomadorCompleto:inst"
Info: Elaborating entity "SomaFinal" for hierarchy "ULA:inst|SomadorCompleto:inst|SomaFinal:inst3"
Warning: Block or symbol "AND2" of instance "inst4" overlaps another block or symbol
Info: Elaborating entity "VerificaSinal2" for hierarchy "ULA:inst|SomadorCompleto:inst|VerificaSinal2:inst7"
Info: Elaborating entity "seletorSinal" for hierarchy "ULA:inst|SomadorCompleto:inst|VerificaSinal2:inst7|seletorSinal:inst"
Info: Elaborating entity "CompararMagnitudeMaior" for hierarchy "ULA:inst|SomadorCompleto:inst|CompararMagnitudeMaior:inst"
Info: Elaborating entity "CompararMagnitudeIgual" for hierarchy "ULA:inst|SomadorCompleto:inst|CompararMagnitudeIgual:inst4"
Info: Elaborating entity "somadorMagnitude" for hierarchy "ULA:inst|SomadorCompleto:inst|somadorMagnitude:inst5"
Info: Elaborating entity "VerificaSinal" for hierarchy "ULA:inst|SomadorCompleto:inst|VerificaSinal:inst1"
Info: Elaborating entity "Substrator" for hierarchy "ULA:inst|Substrator:inst9"
Info: Elaborating entity "InverterSinalB" for hierarchy "ULA:inst|Substrator:inst9|InverterSinalB:inst3"
Info: Elaborating entity "CircuitoXOR" for hierarchy "ULA:inst|CircuitoXOR:inst8"
Info: Elaborating entity "DecodificadorEntrada" for hierarchy "DecodificadorEntrada:inst11"
Info: Elaborating entity "DECODIFICADOR" for hierarchy "DECODIFICADOR:inst4"
Info: Elaborating entity "DisplayVerifica" for hierarchy "DisplayVerifica:inst1"
Warning: Output pins are stuck at VCC or GND
    Warning (13410): Pin "A1" is stuck at VCC
    Warning (13410): Pin "D1" is stuck at VCC
    Warning (13410): Pin "E1" is stuck at VCC
    Warning (13410): Pin "F1" is stuck at VCC
    Warning (13410): Pin "G1" is stuck at VCC
    Warning (13410): Pin "A1_" is stuck at VCC
    Warning (13410): Pin "D1_" is stuck at VCC
    Warning (13410): Pin "E1_" is stuck at VCC
    Warning (13410): Pin "F1_" is stuck at VCC
    Warning (13410): Pin "G1_" is stuck at VCC
    Warning (13410): Pin "F1__" is stuck at VCC
Info: Timing-Driven Synthesis is running
Info: Implemented 202 device resources after synthesis - the final resource count might be different
    Info: Implemented 13 input pins
    Info: Implemented 55 output pins
    Info: Implemented 134 logic cells
Info: Quartus II Analysis & Synthesis was successful. 0 errors, 14 warnings
    Info: Peak virtual memory: 220 megabytes
    Info: Processing ended: Mon Aug 22 10:23:53 2022
    Info: Elapsed time: 00:00:03
    Info: Total CPU time (on all processors): 00:00:03


